#-----------------------------------------------------------
# Vivado v2020.1 (64-bit)
# SW Build 2902540 on Wed May 27 19:54:49 MDT 2020
# IP Build 2902112 on Wed May 27 22:43:36 MDT 2020
# Start of session at: Sun Dec 13 12:55:28 2020
# Process ID: 18788
# Current directory: C:/Users/jlope.DESKTOP-3003JMM/Desktop/SED/Prueba-SED
# Command line: vivado.exe -gui_launcher_event rodinguilauncherevent11968 C:\Users\jlope.DESKTOP-3003JMM\Desktop\SED\Prueba-SED\project_1.xpr
# Log file: C:/Users/jlope.DESKTOP-3003JMM/Desktop/SED/Prueba-SED/vivado.log
# Journal file: C:/Users/jlope.DESKTOP-3003JMM/Desktop/SED/Prueba-SED\vivado.jou
#-----------------------------------------------------------
start_gui
open_project C:/Users/jlope.DESKTOP-3003JMM/Desktop/SED/Prueba-SED/project_1.xpr
INFO: [Project 1-313] Project file moved from 'C:/Users/jlope.DESKTOP-3003JMM/Desktop/PRACTICA_DEF/project_1' since last save.
Scanning sources...
Finished scanning sources
INFO: [IP_Flow 19-234] Refreshing IP repositories
INFO: [IP_Flow 19-1704] No user IP repositories specified
INFO: [IP_Flow 19-2313] Loaded Vivado IP repository 'C:/Vivado/2020.1/data/ip'.
open_project: Time (s): cpu = 00:00:18 ; elapsed = 00:00:08 . Memory (MB): peak = 1028.395 ; gain = 0.000
update_compile_order -fileset sources_1
exit
INFO: [Common 17-206] Exiting Vivado at Sun Dec 13 12:56:45 2020...
