#-----------------------------------------------------------
# Vivado v2020.1 (64-bit)
# SW Build 2902540 on Wed May 27 19:54:49 MDT 2020
# IP Build 2902112 on Wed May 27 22:43:36 MDT 2020
# Start of session at: Sun Oct 18 21:37:38 2020
# Process ID: 3384
# Current directory: C:/Users/jlope.DESKTOP-3003JMM/Desktop/PRACTICA_DEF/project_1
# Command line: vivado.exe -gui_launcher_event rodinguilauncherevent18484 C:\Users\jlope.DESKTOP-3003JMM\Desktop\PRACTICA_DEF\project_1\project_1.xpr
# Log file: C:/Users/jlope.DESKTOP-3003JMM/Desktop/PRACTICA_DEF/project_1/vivado.log
# Journal file: C:/Users/jlope.DESKTOP-3003JMM/Desktop/PRACTICA_DEF/project_1\vivado.jou
#-----------------------------------------------------------
start_gui
open_project C:/Users/jlope.DESKTOP-3003JMM/Desktop/PRACTICA_DEF/project_1/project_1.xpr
Scanning sources...
Finished scanning sources
INFO: [IP_Flow 19-234] Refreshing IP repositories
INFO: [IP_Flow 19-1704] No user IP repositories specified
INFO: [IP_Flow 19-2313] Loaded Vivado IP repository 'C:/Vivado/2020.1/data/ip'.
open_project: Time (s): cpu = 00:00:16 ; elapsed = 00:00:07 . Memory (MB): peak = 1024.547 ; gain = 0.000
update_compile_order -fileset sources_1
open_run synth_1 -name synth_1
Design is defaulting to impl run constrset: constrs_1
Design is defaulting to synth run part: xc7a100tcsg324-1
INFO: [Device 21-403] Loading part xc7a100tcsg324-1
Netlist sorting complete. Time (s): cpu = 00:00:00 ; elapsed = 00:00:00.001 . Memory (MB): peak = 1169.516 ; gain = 0.000
INFO: [Project 1-479] Netlist was created with Vivado 2020.1
INFO: [Project 1-570] Preparing netlist for logic optimization
Parsing XDC File [C:/Users/jlope.DESKTOP-3003JMM/Desktop/PRACTICA_DEF/project_1/project_1.srcs/constrs_1/imports/Practica_0/Nexys-4-DDR-Master.xdc]
Finished Parsing XDC File [C:/Users/jlope.DESKTOP-3003JMM/Desktop/PRACTICA_DEF/project_1/project_1.srcs/constrs_1/imports/Practica_0/Nexys-4-DDR-Master.xdc]
INFO: [Opt 31-138] Pushed 0 inverter(s) to 0 load pin(s).
Netlist sorting complete. Time (s): cpu = 00:00:00 ; elapsed = 00:00:00 . Memory (MB): peak = 1247.188 ; gain = 0.000
INFO: [Project 1-111] Unisim Transformation Summary:
No Unisim elements were transformed.

open_run: Time (s): cpu = 00:00:22 ; elapsed = 00:00:14 . Memory (MB): peak = 1386.875 ; gain = 362.328
exit
INFO: [Common 17-206] Exiting Vivado at Sun Oct 18 21:38:42 2020...
