#-----------------------------------------------------------
# Vivado v2020.1 (64-bit)
# SW Build 2902540 on Wed May 27 19:54:49 MDT 2020
# IP Build 2902112 on Wed May 27 22:43:36 MDT 2020
# Start of session at: Sun Oct 18 21:35:26 2020
# Process ID: 15600
# Current directory: C:/Users/jlope.DESKTOP-3003JMM/Desktop/PRACTICA_DEF/project_1
# Command line: vivado.exe -gui_launcher_event rodinguilauncherevent4632 C:\Users\jlope.DESKTOP-3003JMM\Desktop\PRACTICA_DEF\project_1\project_1.xpr
# Log file: C:/Users/jlope.DESKTOP-3003JMM/Desktop/PRACTICA_DEF/project_1/vivado.log
# Journal file: C:/Users/jlope.DESKTOP-3003JMM/Desktop/PRACTICA_DEF/project_1\vivado.jou
#-----------------------------------------------------------
start_gui
open_project C:/Users/jlope.DESKTOP-3003JMM/Desktop/PRACTICA_DEF/project_1/project_1.xpr
Scanning sources...
Finished scanning sources
INFO: [IP_Flow 19-234] Refreshing IP repositories
INFO: [IP_Flow 19-1704] No user IP repositories specified
INFO: [IP_Flow 19-2313] Loaded Vivado IP repository 'C:/Vivado/2020.1/data/ip'.
open_project: Time (s): cpu = 00:00:19 ; elapsed = 00:00:12 . Memory (MB): peak = 1026.414 ; gain = 0.000
update_compile_order -fileset sources_1
exit
INFO: [Common 17-206] Exiting Vivado at Sun Oct 18 21:36:25 2020...
sktop/PRACTICA_DEF/project_1/vivado_pid15904.debug)
INFO: [Common 17-206] Exiting Vivado at Sun Oct 18 21:36:01 2020...
