Vivado Simulator 2020.1
Copyright 1986-1999, 2001-2020 Xilinx, Inc. All Rights Reserved.
Running: C:/Vivado/2020.1/bin/unwrapped/win64.o/xelab.exe -wto 4eedc63091454525b4b1418433cb7ab2 --incr --debug typical --relax --mt 2 -L xil_defaultlib -L secureip --snapshot p1_tb_behav xil_defaultlib.p1_tb -log elaborate.log 
Using 2 slave threads.
Starting static elaboration
Completed static elaboration
Starting simulation data flow analysis
Completed simulation data flow analysis
Time Resolution for simulation is 1ps
Compiling package std.standard
Compiling package std.textio
Compiling package ieee.std_logic_1164
Compiling package ieee.std_logic_arith
Compiling package ieee.std_logic_unsigned
Compiling package ieee.std_logic_textio
Compiling package ieee.numeric_std
Compiling package unisim.vcomponents
Compiling architecture behavior of entity xil_defaultlib.p1 [p1_default]
Compiling architecture behavior of entity xil_defaultlib.p1_tb
Built simulation snapshot p1_tb_behav
